* using log directory ‘/home/arcolombo/Documents/github_repos/arkas/..Rcheck’
* using R version 3.3.1 (2016-06-21)
* using platform: x86_64-pc-linux-gnu (64-bit)
* using session charset: UTF-8
* checking for file ‘./DESCRIPTION’ ... OK
* checking extension type ... Package
* this is package ‘arkas’ version ‘0.43.7’
* checking package namespace information ... OK
* checking package dependencies ... ERROR
Namespace dependencies not required:
  ‘Rsamtools’ ‘biomaRt’ ‘edgeR’ ‘ggplot2’

Depends: includes the non-default packages:
  ‘parallel’ ‘jsonlite’ ‘GenomeInfoDb’ ‘qusage’ ‘limma’ ‘Biobase’
  ‘TxDbLite’ ‘SummarizedExperiment’ ‘beeswarm’ ‘tools’
Adding so many packages to the search path is excessive and importing
selectively is preferable.

See section ‘The DESCRIPTION file’ in the ‘Writing R Extensions’
manual.
* DONE
Status: 1 ERROR
